2023-07-01 19:56:33.394 [main] [DEBUG] org.apache.poi.openxml4j.opc.PackageRelationshipCollection - Parsing relationship: /xl/_rels/workbook.xml.rels
2023-07-01 19:56:33.396 [main] [DEBUG] org.apache.poi.openxml4j.opc.PackageRelationshipCollection - Parsing relationship: /xl/worksheets/_rels/sheet1.xml.rels
2023-07-01 19:56:33.397 [main] [DEBUG] org.apache.poi.openxml4j.opc.PackageRelationshipCollection - Parsing relationship: /xl/worksheets/_rels/sheet2.xml.rels
2023-07-01 19:56:33.398 [main] [DEBUG] org.apache.poi.openxml4j.opc.PackageRelationshipCollection - Parsing relationship: /xl/worksheets/_rels/sheet3.xml.rels
2023-07-01 19:56:33.399 [main] [DEBUG] org.apache.poi.openxml4j.opc.PackageRelationshipCollection - Parsing relationship: /_rels/.rels
2023-07-01 19:56:33.465 [main] [TRACE] org.apache.xmlbeans.impl.common.XBeanDebug - Loading type system org.apache.poi.schemas.ooxml.system.ooxml
2023-07-01 19:56:33.466 [main] [TRACE] org.apache.xmlbeans.impl.common.XBeanDebug - Loading type system org.apache.xmlbeans.metadata.system.sXMLCONFIG
2023-07-01 19:56:33.466 [main] [TRACE] org.apache.xmlbeans.impl.common.XBeanDebug - Loading type system org.apache.xmlbeans.metadata.system.sXMLLANG
2023-07-01 19:56:33.466 [main] [TRACE] org.apache.xmlbeans.impl.common.XBeanDebug - Loading type system org.apache.xmlbeans.metadata.system.sXMLSCHEMA
2023-07-01 19:56:33.470 [main] [TRACE] org.apache.xmlbeans.impl.common.XBeanDebug - Loading type system org.apache.xmlbeans.metadata.system.sXMLTOOLS
2023-07-01 19:56:33.471 [main] [TRACE] org.apache.xmlbeans.impl.common.XBeanDebug - Reading unresolved handles for type system org.apache.xmlbeans.metadata.system.sXMLTOOLS
2023-07-01 19:56:33.477 [main] [TRACE] org.apache.xmlbeans.impl.common.XBeanDebug - Finished loading type system org.apache.xmlbeans.metadata.system.sXMLTOOLS
2023-07-01 19:56:33.477 [main] [TRACE] org.apache.xmlbeans.impl.common.XBeanDebug - Reading unresolved handles for type system org.apache.xmlbeans.metadata.system.sXMLSCHEMA
2023-07-01 19:56:33.481 [main] [TRACE] org.apache.xmlbeans.impl.common.XBeanDebug - Finished loading type system org.apache.xmlbeans.metadata.system.sXMLSCHEMA
2023-07-01 19:56:33.481 [main] [TRACE] org.apache.xmlbeans.impl.common.XBeanDebug - Reading unresolved handles for type system org.apache.xmlbeans.metadata.system.sXMLLANG
2023-07-01 19:56:33.481 [main] [TRACE] org.apache.xmlbeans.impl.common.XBeanDebug - Finished loading type system org.apache.xmlbeans.metadata.system.sXMLLANG
2023-07-01 19:56:33.482 [main] [TRACE] org.apache.xmlbeans.impl.common.XBeanDebug - Reading unresolved handles for type system org.apache.xmlbeans.metadata.system.sXMLCONFIG
2023-07-01 19:56:33.483 [main] [TRACE] org.apache.xmlbeans.impl.common.XBeanDebug - Finished loading type system org.apache.xmlbeans.metadata.system.sXMLCONFIG
2023-07-01 19:56:33.483 [main] [TRACE] org.apache.xmlbeans.impl.common.XBeanDebug - Reading unresolved handles for type system org.apache.poi.schemas.ooxml.system.ooxml
2023-07-01 19:56:33.519 [main] [TRACE] org.apache.xmlbeans.impl.common.XBeanDebug - Finished loading type system org.apache.poi.schemas.ooxml.system.ooxml
2023-07-01 19:56:33.519 [main] [TRACE] org.apache.xmlbeans.impl.common.XBeanDebug - Resolving type for handle themefd26doctype
2023-07-01 19:56:33.540 [main] [TRACE] org.apache.xmlbeans.impl.common.XBeanDebug - Resolving type for handle stylesheet5d8bdoctype
2023-07-01 19:56:33.542 [main] [TRACE] org.apache.xmlbeans.impl.common.XBeanDebug - Resolving type for handle ctstylesheet4257type
2023-07-01 19:56:33.544 [main] [TRACE] org.apache.xmlbeans.impl.common.XBeanDebug - Resolving type for handle ctfonts6623type
2023-07-01 19:56:33.546 [main] [TRACE] org.apache.xmlbeans.impl.common.XBeanDebug - Resolving type for handle ctfont14d8type
2023-07-01 19:56:33.549 [main] [TRACE] org.apache.xmlbeans.impl.common.XBeanDebug - Resolving type for handle ctfills2c6ftype
2023-07-01 19:56:33.550 [main] [TRACE] org.apache.xmlbeans.impl.common.XBeanDebug - Resolving type for handle ctfill550ctype
2023-07-01 19:56:33.551 [main] [TRACE] org.apache.xmlbeans.impl.common.XBeanDebug - Resolving type for handle ctborders0d66type
2023-07-01 19:56:33.552 [main] [TRACE] org.apache.xmlbeans.impl.common.XBeanDebug - Resolving type for handle ctborderf935type
2023-07-01 19:56:33.553 [main] [TRACE] org.apache.xmlbeans.impl.common.XBeanDebug - Resolving type for handle ctcellxfs1322type
2023-07-01 19:56:33.555 [main] [TRACE] org.apache.xmlbeans.impl.common.XBeanDebug - Resolving type for handle ctxf97f7type
2023-07-01 19:56:33.556 [main] [TRACE] org.apache.xmlbeans.impl.common.XBeanDebug - Resolving type for handle ctcellstylexfsa81ftype
2023-07-01 19:56:33.557 [main] [TRACE] org.apache.xmlbeans.impl.common.XBeanDebug - Resolving type for handle ctdxfsb26atype
2023-07-01 19:56:33.558 [main] [TRACE] org.apache.xmlbeans.impl.common.XBeanDebug - Resolving type for handle sstf81fdoctype
2023-07-01 19:56:33.560 [main] [TRACE] org.apache.xmlbeans.impl.common.XBeanDebug - Resolving type for handle ctsst44f3type
2023-07-01 19:56:33.563 [main] [TRACE] org.apache.xmlbeans.impl.common.XBeanDebug - Resolving type for handle ctrsta472type
2023-07-01 19:56:33.577 [main] [DEBUG] org.apache.poi.ooxml.POIXMLFactory - using default POIXMLDocumentPart for http://customschemas.google.com/relationships/workbookmetadata
2023-07-01 19:56:33.578 [main] [TRACE] org.apache.xmlbeans.impl.common.XBeanDebug - Resolving type for handle ctdrawing2748type
2023-07-01 19:56:33.584 [main] [TRACE] org.apache.xmlbeans.impl.common.XBeanDebug - Resolving type for handle workbookec17doctype
2023-07-01 19:56:33.589 [main] [TRACE] org.apache.xmlbeans.impl.common.XBeanDebug - Resolving type for handle ctworkbook83c3type
2023-07-01 19:56:33.591 [main] [TRACE] org.apache.xmlbeans.impl.common.XBeanDebug - Resolving type for handle ctsheets49fdtype
2023-07-01 19:56:33.592 [main] [TRACE] org.apache.xmlbeans.impl.common.XBeanDebug - Resolving type for handle ctsheet4dbetype
2023-07-01 19:56:33.593 [main] [TRACE] org.apache.xmlbeans.impl.common.XBeanDebug - Resolving type for handle strelationshipid1e94type
2023-07-01 19:56:33.594 [main] [TRACE] org.apache.xmlbeans.impl.common.XBeanDebug - Resolving type for handle worksheetf539doctype
2023-07-01 19:56:33.608 [main] [TRACE] org.apache.xmlbeans.impl.common.XBeanDebug - Resolving type for handle ctworksheet530dtype
2023-07-01 19:56:33.611 [main] [TRACE] org.apache.xmlbeans.impl.common.XBeanDebug - Resolving type for handle ctsheetdata8408type
2023-07-01 19:56:33.612 [main] [TRACE] org.apache.xmlbeans.impl.common.XBeanDebug - Resolving type for handle ctrowdd39type
2023-07-01 19:56:33.616 [main] [TRACE] org.apache.xmlbeans.impl.common.XBeanDebug - Resolving type for handle ctcell842btype
2023-07-01 19:56:33.619 [main] [TRACE] org.apache.xmlbeans.impl.common.XBeanDebug - Resolving type for handle stcellrefe4e0type
2023-07-01 19:56:33.632 [main] [TRACE] org.apache.xmlbeans.impl.common.XBeanDebug - Resolving type for handle ctcols627ctype
2023-07-01 19:56:33.634 [main] [TRACE] org.apache.xmlbeans.impl.common.XBeanDebug - Resolving type for handle ctcola95ftype
2023-07-01 19:56:33.657 [main] [TRACE] org.apache.xmlbeans.impl.common.XBeanDebug - Resolving type for handle ctdefinednamesce48type
2023-07-01 19:56:33.659 [main] [TRACE] org.apache.xmlbeans.impl.common.XBeanDebug - Resolving type for handle ctbookviewsb864type
2023-07-01 19:56:33.660 [main] [TRACE] org.apache.xmlbeans.impl.common.XBeanDebug - Resolving type for handle ctbookviewf677type
2023-07-01 19:56:33.662 [main] [TRACE] org.apache.xmlbeans.impl.common.XBeanDebug - Resolving type for handle stxstringf179type
2023-07-01 19:56:33.662 [main] [TRACE] org.apache.xmlbeans.impl.common.XBeanDebug - Resolving type for handle stcelltypebf95type
2023-07-01 19:56:33.699 [main] [DEBUG] org.apache.poi.openxml4j.opc.PackageRelationshipCollection - Parsing relationship: /xl/_rels/workbook.xml.rels
2023-07-01 19:56:33.700 [main] [DEBUG] org.apache.poi.openxml4j.opc.PackageRelationshipCollection - Parsing relationship: /xl/worksheets/_rels/sheet1.xml.rels
2023-07-01 19:56:33.700 [main] [DEBUG] org.apache.poi.openxml4j.opc.PackageRelationshipCollection - Parsing relationship: /xl/worksheets/_rels/sheet2.xml.rels
2023-07-01 19:56:33.700 [main] [DEBUG] org.apache.poi.openxml4j.opc.PackageRelationshipCollection - Parsing relationship: /xl/worksheets/_rels/sheet3.xml.rels
2023-07-01 19:56:33.701 [main] [DEBUG] org.apache.poi.openxml4j.opc.PackageRelationshipCollection - Parsing relationship: /_rels/.rels
2023-07-01 19:56:33.705 [main] [DEBUG] org.apache.poi.ooxml.POIXMLFactory - using default POIXMLDocumentPart for http://customschemas.google.com/relationships/workbookmetadata
2023-07-01 19:56:33.725 [main] [DEBUG] org.apache.poi.openxml4j.opc.PackageRelationshipCollection - Parsing relationship: /xl/_rels/workbook.xml.rels
2023-07-01 19:56:33.725 [main] [DEBUG] org.apache.poi.openxml4j.opc.PackageRelationshipCollection - Parsing relationship: /xl/worksheets/_rels/sheet1.xml.rels
2023-07-01 19:56:33.726 [main] [DEBUG] org.apache.poi.openxml4j.opc.PackageRelationshipCollection - Parsing relationship: /xl/worksheets/_rels/sheet2.xml.rels
2023-07-01 19:56:33.726 [main] [DEBUG] org.apache.poi.openxml4j.opc.PackageRelationshipCollection - Parsing relationship: /xl/worksheets/_rels/sheet3.xml.rels
2023-07-01 19:56:33.726 [main] [DEBUG] org.apache.poi.openxml4j.opc.PackageRelationshipCollection - Parsing relationship: /_rels/.rels
2023-07-01 19:56:33.731 [main] [DEBUG] org.apache.poi.ooxml.POIXMLFactory - using default POIXMLDocumentPart for http://customschemas.google.com/relationships/workbookmetadata
2023-07-01 19:56:33.816 [main] [DEBUG] org.apache.poi.openxml4j.opc.PackageRelationshipCollection - Parsing relationship: /xl/_rels/workbook.xml.rels
2023-07-01 19:56:33.816 [main] [DEBUG] org.apache.poi.openxml4j.opc.PackageRelationshipCollection - Parsing relationship: /xl/worksheets/_rels/sheet1.xml.rels
2023-07-01 19:56:33.816 [main] [DEBUG] org.apache.poi.openxml4j.opc.PackageRelationshipCollection - Parsing relationship: /xl/worksheets/_rels/sheet2.xml.rels
2023-07-01 19:56:33.817 [main] [DEBUG] org.apache.poi.openxml4j.opc.PackageRelationshipCollection - Parsing relationship: /xl/worksheets/_rels/sheet3.xml.rels
2023-07-01 19:56:33.817 [main] [DEBUG] org.apache.poi.openxml4j.opc.PackageRelationshipCollection - Parsing relationship: /_rels/.rels
2023-07-01 19:56:33.820 [main] [DEBUG] org.apache.poi.ooxml.POIXMLFactory - using default POIXMLDocumentPart for http://customschemas.google.com/relationships/workbookmetadata
2023-07-01 19:56:33.839 [main] [DEBUG] org.apache.poi.openxml4j.opc.PackageRelationshipCollection - Parsing relationship: /xl/_rels/workbook.xml.rels
2023-07-01 19:56:33.840 [main] [DEBUG] org.apache.poi.openxml4j.opc.PackageRelationshipCollection - Parsing relationship: /xl/worksheets/_rels/sheet1.xml.rels
2023-07-01 19:56:33.840 [main] [DEBUG] org.apache.poi.openxml4j.opc.PackageRelationshipCollection - Parsing relationship: /xl/worksheets/_rels/sheet2.xml.rels
2023-07-01 19:56:33.840 [main] [DEBUG] org.apache.poi.openxml4j.opc.PackageRelationshipCollection - Parsing relationship: /xl/worksheets/_rels/sheet3.xml.rels
2023-07-01 19:56:33.840 [main] [DEBUG] org.apache.poi.openxml4j.opc.PackageRelationshipCollection - Parsing relationship: /_rels/.rels
2023-07-01 19:56:33.843 [main] [DEBUG] org.apache.poi.ooxml.POIXMLFactory - using default POIXMLDocumentPart for http://customschemas.google.com/relationships/workbookmetadata
2023-07-01 19:56:33.861 [main] [DEBUG] org.apache.poi.openxml4j.opc.PackageRelationshipCollection - Parsing relationship: /xl/_rels/workbook.xml.rels
2023-07-01 19:56:33.862 [main] [DEBUG] org.apache.poi.openxml4j.opc.PackageRelationshipCollection - Parsing relationship: /xl/worksheets/_rels/sheet1.xml.rels
2023-07-01 19:56:33.862 [main] [DEBUG] org.apache.poi.openxml4j.opc.PackageRelationshipCollection - Parsing relationship: /xl/worksheets/_rels/sheet2.xml.rels
2023-07-01 19:56:33.862 [main] [DEBUG] org.apache.poi.openxml4j.opc.PackageRelationshipCollection - Parsing relationship: /xl/worksheets/_rels/sheet3.xml.rels
2023-07-01 19:56:33.862 [main] [DEBUG] org.apache.poi.openxml4j.opc.PackageRelationshipCollection - Parsing relationship: /_rels/.rels
2023-07-01 19:56:33.866 [main] [DEBUG] org.apache.poi.ooxml.POIXMLFactory - using default POIXMLDocumentPart for http://customschemas.google.com/relationships/workbookmetadata
2023-07-01 19:56:33.884 [main] [DEBUG] org.apache.poi.openxml4j.opc.PackageRelationshipCollection - Parsing relationship: /xl/_rels/workbook.xml.rels
2023-07-01 19:56:33.885 [main] [DEBUG] org.apache.poi.openxml4j.opc.PackageRelationshipCollection - Parsing relationship: /xl/worksheets/_rels/sheet1.xml.rels
2023-07-01 19:56:33.885 [main] [DEBUG] org.apache.poi.openxml4j.opc.PackageRelationshipCollection - Parsing relationship: /xl/worksheets/_rels/sheet2.xml.rels
2023-07-01 19:56:33.885 [main] [DEBUG] org.apache.poi.openxml4j.opc.PackageRelationshipCollection - Parsing relationship: /xl/worksheets/_rels/sheet3.xml.rels
2023-07-01 19:56:33.885 [main] [DEBUG] org.apache.poi.openxml4j.opc.PackageRelationshipCollection - Parsing relationship: /_rels/.rels
2023-07-01 19:56:33.889 [main] [DEBUG] org.apache.poi.ooxml.POIXMLFactory - using default POIXMLDocumentPart for http://customschemas.google.com/relationships/workbookmetadata
2023-07-01 19:56:33.903 [main] [DEBUG] org.qa.utils.ExtentReportListener - Initilizating Test Report.... 
2023-07-01 19:56:33.909 [main] [DEBUG] org.qa.utils.ExtentReportListener - Test Path: /Users/rashmipatel/eclipse-workspace/Selenium-AUT-Framework/Selenium-AUT-Framework/AUTframework/src/main/resources/reports/AutoReportDEV_01Jul2023-1956.html
2023-07-01 19:56:33.979 [main] [DEBUG] org.apache.poi.openxml4j.opc.PackageRelationshipCollection - Parsing relationship: /xl/_rels/workbook.xml.rels
2023-07-01 19:56:33.979 [main] [DEBUG] org.apache.poi.openxml4j.opc.PackageRelationshipCollection - Parsing relationship: /xl/worksheets/_rels/sheet1.xml.rels
2023-07-01 19:56:33.979 [main] [DEBUG] org.apache.poi.openxml4j.opc.PackageRelationshipCollection - Parsing relationship: /xl/worksheets/_rels/sheet2.xml.rels
2023-07-01 19:56:33.980 [main] [DEBUG] org.apache.poi.openxml4j.opc.PackageRelationshipCollection - Parsing relationship: /xl/worksheets/_rels/sheet3.xml.rels
2023-07-01 19:56:33.980 [main] [DEBUG] org.apache.poi.openxml4j.opc.PackageRelationshipCollection - Parsing relationship: /_rels/.rels
2023-07-01 19:56:33.983 [main] [DEBUG] org.apache.poi.ooxml.POIXMLFactory - using default POIXMLDocumentPart for http://customschemas.google.com/relationships/workbookmetadata
2023-07-01 19:56:33.995 [main] [DEBUG] org.qa.appengine.ApplicationSetup - Timeout time set to : = 30
2023-07-01 19:56:34.427 [main] [DEBUG] io.netty.util.internal.logging.InternalLoggerFactory - Using Log4J2 as the default logging framework
2023-07-01 19:56:34.429 [main] [DEBUG] io.netty.util.ResourceLeakDetector - -Dio.netty.leakDetection.level: simple
2023-07-01 19:56:34.429 [main] [DEBUG] io.netty.util.ResourceLeakDetector - -Dio.netty.leakDetection.targetRecords: 4
2023-07-01 19:56:34.430 [main] [DEBUG] io.netty.util.ResourceLeakDetectorFactory - Loaded default ResourceLeakDetector: io.netty.util.ResourceLeakDetector@6e03db1f
2023-07-01 19:56:34.437 [main] [DEBUG] io.netty.util.internal.PlatformDependent0 - -Dio.netty.noUnsafe: false
2023-07-01 19:56:34.437 [main] [DEBUG] io.netty.util.internal.PlatformDependent0 - Java version: 19
2023-07-01 19:56:34.438 [main] [DEBUG] io.netty.util.internal.PlatformDependent0 - sun.misc.Unsafe.theUnsafe: available
2023-07-01 19:56:34.438 [main] [DEBUG] io.netty.util.internal.PlatformDependent0 - sun.misc.Unsafe.copyMemory: available
2023-07-01 19:56:34.438 [main] [DEBUG] io.netty.util.internal.PlatformDependent0 - sun.misc.Unsafe.storeFence: available
2023-07-01 19:56:34.438 [main] [DEBUG] io.netty.util.internal.PlatformDependent0 - java.nio.Buffer.address: available
2023-07-01 19:56:34.439 [main] [DEBUG] io.netty.util.internal.PlatformDependent0 - direct buffer constructor: unavailable
java.lang.UnsupportedOperationException: Reflective setAccessible(true) disabled
	at io.netty.util.internal.ReflectionUtil.trySetAccessible(ReflectionUtil.java:31) ~[netty-common-4.1.90.Final.jar:4.1.90.Final]
	at io.netty.util.internal.PlatformDependent0$5.run(PlatformDependent0.java:288) ~[netty-common-4.1.90.Final.jar:4.1.90.Final]
	at java.security.AccessController.doPrivileged(AccessController.java:318) ~[?:?]
	at io.netty.util.internal.PlatformDependent0.<clinit>(PlatformDependent0.java:282) [netty-common-4.1.90.Final.jar:4.1.90.Final]
	at io.netty.util.internal.PlatformDependent.isAndroid(PlatformDependent.java:333) [netty-common-4.1.90.Final.jar:4.1.90.Final]
	at io.netty.util.internal.PlatformDependent.<clinit>(PlatformDependent.java:88) [netty-common-4.1.90.Final.jar:4.1.90.Final]
	at io.netty.util.HashedWheelTimer.<init>(HashedWheelTimer.java:114) [netty-common-4.1.90.Final.jar:4.1.90.Final]
	at io.netty.util.HashedWheelTimer.<init>(HashedWheelTimer.java:251) [netty-common-4.1.90.Final.jar:4.1.90.Final]
	at io.netty.util.HashedWheelTimer.<init>(HashedWheelTimer.java:224) [netty-common-4.1.90.Final.jar:4.1.90.Final]
	at io.netty.util.HashedWheelTimer.<init>(HashedWheelTimer.java:203) [netty-common-4.1.90.Final.jar:4.1.90.Final]
	at org.asynchttpclient.DefaultAsyncHttpClient.newNettyTimer(DefaultAsyncHttpClient.java:111) [async-http-client-2.12.3.jar:?]
	at org.asynchttpclient.DefaultAsyncHttpClient.<init>(DefaultAsyncHttpClient.java:90) [async-http-client-2.12.3.jar:?]
	at org.asynchttpclient.Dsl.asyncHttpClient(Dsl.java:32) [async-http-client-2.12.3.jar:?]
	at org.openqa.selenium.remote.http.netty.NettyClient.createHttpClient(NettyClient.java:94) [selenium-remote-driver-4.8.3.jar:?]
	at org.openqa.selenium.remote.http.netty.NettyClient.<clinit>(NettyClient.java:47) [selenium-remote-driver-4.8.3.jar:?]
	at org.openqa.selenium.remote.http.netty.NettyClient$Factory.createClient(NettyClient.java:135) [selenium-remote-driver-4.8.3.jar:?]
	at org.openqa.selenium.remote.HttpCommandExecutor.<init>(HttpCommandExecutor.java:116) [selenium-remote-driver-4.8.3.jar:?]
	at org.openqa.selenium.remote.HttpCommandExecutor.<init>(HttpCommandExecutor.java:94) [selenium-remote-driver-4.8.3.jar:?]
	at org.openqa.selenium.remote.service.DriverCommandExecutor.<init>(DriverCommandExecutor.java:88) [selenium-remote-driver-4.8.3.jar:?]
	at org.openqa.selenium.chromium.ChromiumDriverCommandExecutor.<init>(ChromiumDriverCommandExecutor.java:40) [selenium-chromium-driver-4.8.3.jar:?]
	at org.openqa.selenium.chrome.ChromeDriver$ChromeDriverCommandExecutor.<init>(ChromeDriver.java:111) [selenium-chrome-driver-4.8.3.jar:?]
	at org.openqa.selenium.chrome.ChromeDriver.generateExecutor(ChromeDriver.java:101) [selenium-chrome-driver-4.8.3.jar:?]
	at org.openqa.selenium.chrome.ChromeDriver.<init>(ChromeDriver.java:88) [selenium-chrome-driver-4.8.3.jar:?]
	at org.openqa.selenium.chrome.ChromeDriver.<init>(ChromeDriver.java:84) [selenium-chrome-driver-4.8.3.jar:?]
	at org.openqa.selenium.chrome.ChromeDriver.<init>(ChromeDriver.java:73) [selenium-chrome-driver-4.8.3.jar:?]
	at org.qa.appengine.ApplicationSetup.startBrowser(ApplicationSetup.java:73) [classes/:?]
	at org.qa.appengine.ApplicationSetup.init(ApplicationSetup.java:49) [classes/:?]
	at jdk.internal.reflect.DirectMethodHandleAccessor.invoke(DirectMethodHandleAccessor.java:104) ~[?:?]
	at java.lang.reflect.Method.invoke(Method.java:578) ~[?:?]
	at org.testng.internal.invokers.MethodInvocationHelper.invokeMethod(MethodInvocationHelper.java:139) [testng-7.7.1.jar:7.7.1]
	at org.testng.internal.invokers.MethodInvocationHelper.invokeMethodConsideringTimeout(MethodInvocationHelper.java:69) [testng-7.7.1.jar:7.7.1]
	at org.testng.internal.invokers.ConfigInvoker.invokeConfigurationMethod(ConfigInvoker.java:361) [testng-7.7.1.jar:7.7.1]
	at org.testng.internal.invokers.ConfigInvoker.invokeConfigurations(ConfigInvoker.java:296) [testng-7.7.1.jar:7.7.1]
	at org.testng.TestRunner.invokeTestConfigurations(TestRunner.java:644) [testng-7.7.1.jar:7.7.1]
	at org.testng.TestRunner.beforeRun(TestRunner.java:633) [testng-7.7.1.jar:7.7.1]
	at org.testng.TestRunner.run(TestRunner.java:595) [testng-7.7.1.jar:7.7.1]
	at org.testng.SuiteRunner.runTest(SuiteRunner.java:437) [testng-7.7.1.jar:7.7.1]
	at org.testng.SuiteRunner.runSequentially(SuiteRunner.java:431) [testng-7.7.1.jar:7.7.1]
	at org.testng.SuiteRunner.privateRun(SuiteRunner.java:391) [testng-7.7.1.jar:7.7.1]
	at org.testng.SuiteRunner.run(SuiteRunner.java:330) [testng-7.7.1.jar:7.7.1]
	at org.testng.SuiteRunnerWorker.runSuite(SuiteRunnerWorker.java:52) [testng-7.7.1.jar:7.7.1]
	at org.testng.SuiteRunnerWorker.run(SuiteRunnerWorker.java:95) [testng-7.7.1.jar:7.7.1]
	at org.testng.TestNG.runSuitesSequentially(TestNG.java:1256) [testng-7.7.1.jar:7.7.1]
	at org.testng.TestNG.runSuitesLocally(TestNG.java:1176) [testng-7.7.1.jar:7.7.1]
	at org.testng.TestNG.runSuites(TestNG.java:1099) [testng-7.7.1.jar:7.7.1]
	at org.testng.TestNG.run(TestNG.java:1067) [testng-7.7.1.jar:7.7.1]
	at org.apache.maven.surefire.testng.TestNGExecutor.run(TestNGExecutor.java:283) [surefire-testng-2.22.1.jar:2.22.1]
	at org.apache.maven.surefire.testng.TestNGXmlTestSuite.execute(TestNGXmlTestSuite.java:75) [surefire-testng-2.22.1.jar:2.22.1]
	at org.apache.maven.surefire.testng.TestNGProvider.invoke(TestNGProvider.java:120) [surefire-testng-2.22.1.jar:2.22.1]
	at org.apache.maven.surefire.booter.ForkedBooter.invokeProviderInSameClassLoader(ForkedBooter.java:384) [surefire-booter-2.22.1.jar:2.22.1]
	at org.apache.maven.surefire.booter.ForkedBooter.runSuitesInProcess(ForkedBooter.java:345) [surefire-booter-2.22.1.jar:2.22.1]
	at org.apache.maven.surefire.booter.ForkedBooter.execute(ForkedBooter.java:126) [surefire-booter-2.22.1.jar:2.22.1]
	at org.apache.maven.surefire.booter.ForkedBooter.main(ForkedBooter.java:418) [surefire-booter-2.22.1.jar:2.22.1]
2023-07-01 19:56:34.442 [main] [DEBUG] io.netty.util.internal.PlatformDependent0 - java.nio.Bits.unaligned: available, true
2023-07-01 19:56:34.442 [main] [DEBUG] io.netty.util.internal.PlatformDependent0 - jdk.internal.misc.Unsafe.allocateUninitializedArray(int): unavailable
java.lang.IllegalAccessException: class io.netty.util.internal.PlatformDependent0$7 cannot access class jdk.internal.misc.Unsafe (in module java.base) because module java.base does not export jdk.internal.misc to unnamed module @5db54e92
	at jdk.internal.reflect.Reflection.newIllegalAccessException(Reflection.java:420) ~[?:?]
	at java.lang.reflect.AccessibleObject.checkAccess(AccessibleObject.java:709) ~[?:?]
	at java.lang.reflect.Method.invoke(Method.java:569) ~[?:?]
	at io.netty.util.internal.PlatformDependent0$7.run(PlatformDependent0.java:410) ~[netty-common-4.1.90.Final.jar:4.1.90.Final]
	at java.security.AccessController.doPrivileged(AccessController.java:318) ~[?:?]
	at io.netty.util.internal.PlatformDependent0.<clinit>(PlatformDependent0.java:401) [netty-common-4.1.90.Final.jar:4.1.90.Final]
	at io.netty.util.internal.PlatformDependent.isAndroid(PlatformDependent.java:333) [netty-common-4.1.90.Final.jar:4.1.90.Final]
	at io.netty.util.internal.PlatformDependent.<clinit>(PlatformDependent.java:88) [netty-common-4.1.90.Final.jar:4.1.90.Final]
	at io.netty.util.HashedWheelTimer.<init>(HashedWheelTimer.java:114) [netty-common-4.1.90.Final.jar:4.1.90.Final]
	at io.netty.util.HashedWheelTimer.<init>(HashedWheelTimer.java:251) [netty-common-4.1.90.Final.jar:4.1.90.Final]
	at io.netty.util.HashedWheelTimer.<init>(HashedWheelTimer.java:224) [netty-common-4.1.90.Final.jar:4.1.90.Final]
	at io.netty.util.HashedWheelTimer.<init>(HashedWheelTimer.java:203) [netty-common-4.1.90.Final.jar:4.1.90.Final]
	at org.asynchttpclient.DefaultAsyncHttpClient.newNettyTimer(DefaultAsyncHttpClient.java:111) [async-http-client-2.12.3.jar:?]
	at org.asynchttpclient.DefaultAsyncHttpClient.<init>(DefaultAsyncHttpClient.java:90) [async-http-client-2.12.3.jar:?]
	at org.asynchttpclient.Dsl.asyncHttpClient(Dsl.java:32) [async-http-client-2.12.3.jar:?]
	at org.openqa.selenium.remote.http.netty.NettyClient.createHttpClient(NettyClient.java:94) [selenium-remote-driver-4.8.3.jar:?]
	at org.openqa.selenium.remote.http.netty.NettyClient.<clinit>(NettyClient.java:47) [selenium-remote-driver-4.8.3.jar:?]
	at org.openqa.selenium.remote.http.netty.NettyClient$Factory.createClient(NettyClient.java:135) [selenium-remote-driver-4.8.3.jar:?]
	at org.openqa.selenium.remote.HttpCommandExecutor.<init>(HttpCommandExecutor.java:116) [selenium-remote-driver-4.8.3.jar:?]
	at org.openqa.selenium.remote.HttpCommandExecutor.<init>(HttpCommandExecutor.java:94) [selenium-remote-driver-4.8.3.jar:?]
	at org.openqa.selenium.remote.service.DriverCommandExecutor.<init>(DriverCommandExecutor.java:88) [selenium-remote-driver-4.8.3.jar:?]
	at org.openqa.selenium.chromium.ChromiumDriverCommandExecutor.<init>(ChromiumDriverCommandExecutor.java:40) [selenium-chromium-driver-4.8.3.jar:?]
	at org.openqa.selenium.chrome.ChromeDriver$ChromeDriverCommandExecutor.<init>(ChromeDriver.java:111) [selenium-chrome-driver-4.8.3.jar:?]
	at org.openqa.selenium.chrome.ChromeDriver.generateExecutor(ChromeDriver.java:101) [selenium-chrome-driver-4.8.3.jar:?]
	at org.openqa.selenium.chrome.ChromeDriver.<init>(ChromeDriver.java:88) [selenium-chrome-driver-4.8.3.jar:?]
	at org.openqa.selenium.chrome.ChromeDriver.<init>(ChromeDriver.java:84) [selenium-chrome-driver-4.8.3.jar:?]
	at org.openqa.selenium.chrome.ChromeDriver.<init>(ChromeDriver.java:73) [selenium-chrome-driver-4.8.3.jar:?]
	at org.qa.appengine.ApplicationSetup.startBrowser(ApplicationSetup.java:73) [classes/:?]
	at org.qa.appengine.ApplicationSetup.init(ApplicationSetup.java:49) [classes/:?]
	at jdk.internal.reflect.DirectMethodHandleAccessor.invoke(DirectMethodHandleAccessor.java:104) ~[?:?]
	at java.lang.reflect.Method.invoke(Method.java:578) ~[?:?]
	at org.testng.internal.invokers.MethodInvocationHelper.invokeMethod(MethodInvocationHelper.java:139) [testng-7.7.1.jar:7.7.1]
	at org.testng.internal.invokers.MethodInvocationHelper.invokeMethodConsideringTimeout(MethodInvocationHelper.java:69) [testng-7.7.1.jar:7.7.1]
	at org.testng.internal.invokers.ConfigInvoker.invokeConfigurationMethod(ConfigInvoker.java:361) [testng-7.7.1.jar:7.7.1]
	at org.testng.internal.invokers.ConfigInvoker.invokeConfigurations(ConfigInvoker.java:296) [testng-7.7.1.jar:7.7.1]
	at org.testng.TestRunner.invokeTestConfigurations(TestRunner.java:644) [testng-7.7.1.jar:7.7.1]
	at org.testng.TestRunner.beforeRun(TestRunner.java:633) [testng-7.7.1.jar:7.7.1]
	at org.testng.TestRunner.run(TestRunner.java:595) [testng-7.7.1.jar:7.7.1]
	at org.testng.SuiteRunner.runTest(SuiteRunner.java:437) [testng-7.7.1.jar:7.7.1]
	at org.testng.SuiteRunner.runSequentially(SuiteRunner.java:431) [testng-7.7.1.jar:7.7.1]
	at org.testng.SuiteRunner.privateRun(SuiteRunner.java:391) [testng-7.7.1.jar:7.7.1]
	at org.testng.SuiteRunner.run(SuiteRunner.java:330) [testng-7.7.1.jar:7.7.1]
	at org.testng.SuiteRunnerWorker.runSuite(SuiteRunnerWorker.java:52) [testng-7.7.1.jar:7.7.1]
	at org.testng.SuiteRunnerWorker.run(SuiteRunnerWorker.java:95) [testng-7.7.1.jar:7.7.1]
	at org.testng.TestNG.runSuitesSequentially(TestNG.java:1256) [testng-7.7.1.jar:7.7.1]
	at org.testng.TestNG.runSuitesLocally(TestNG.java:1176) [testng-7.7.1.jar:7.7.1]
	at org.testng.TestNG.runSuites(TestNG.java:1099) [testng-7.7.1.jar:7.7.1]
	at org.testng.TestNG.run(TestNG.java:1067) [testng-7.7.1.jar:7.7.1]
	at org.apache.maven.surefire.testng.TestNGExecutor.run(TestNGExecutor.java:283) [surefire-testng-2.22.1.jar:2.22.1]
	at org.apache.maven.surefire.testng.TestNGXmlTestSuite.execute(TestNGXmlTestSuite.java:75) [surefire-testng-2.22.1.jar:2.22.1]
	at org.apache.maven.surefire.testng.TestNGProvider.invoke(TestNGProvider.java:120) [surefire-testng-2.22.1.jar:2.22.1]
	at org.apache.maven.surefire.booter.ForkedBooter.invokeProviderInSameClassLoader(ForkedBooter.java:384) [surefire-booter-2.22.1.jar:2.22.1]
	at org.apache.maven.surefire.booter.ForkedBooter.runSuitesInProcess(ForkedBooter.java:345) [surefire-booter-2.22.1.jar:2.22.1]
	at org.apache.maven.surefire.booter.ForkedBooter.execute(ForkedBooter.java:126) [surefire-booter-2.22.1.jar:2.22.1]
	at org.apache.maven.surefire.booter.ForkedBooter.main(ForkedBooter.java:418) [surefire-booter-2.22.1.jar:2.22.1]
2023-07-01 19:56:34.443 [main] [DEBUG] io.netty.util.internal.PlatformDependent0 - java.nio.DirectByteBuffer.<init>(long, int): unavailable
2023-07-01 19:56:34.443 [main] [DEBUG] io.netty.util.internal.PlatformDependent - sun.misc.Unsafe: available
2023-07-01 19:56:34.444 [main] [DEBUG] io.netty.util.internal.PlatformDependent - maxDirectMemory: 2147483648 bytes (maybe)
2023-07-01 19:56:34.444 [main] [DEBUG] io.netty.util.internal.PlatformDependent - -Dio.netty.tmpdir: /var/folders/j9/_y04yj6d38j1dw72zw2_45z00000gn/T (java.io.tmpdir)
2023-07-01 19:56:34.444 [main] [DEBUG] io.netty.util.internal.PlatformDependent - -Dio.netty.bitMode: 64 (sun.arch.data.model)
2023-07-01 19:56:34.444 [main] [DEBUG] io.netty.util.internal.PlatformDependent - Platform: MacOS
2023-07-01 19:56:34.444 [main] [DEBUG] io.netty.util.internal.PlatformDependent - -Dio.netty.maxDirectMemory: -1 bytes
2023-07-01 19:56:34.444 [main] [DEBUG] io.netty.util.internal.PlatformDependent - -Dio.netty.uninitializedArrayAllocationThreshold: -1
2023-07-01 19:56:34.444 [main] [DEBUG] io.netty.util.internal.CleanerJava9 - java.nio.ByteBuffer.cleaner(): available
2023-07-01 19:56:34.444 [main] [DEBUG] io.netty.util.internal.PlatformDependent - -Dio.netty.noPreferDirect: false
2023-07-01 19:56:34.447 [main] [DEBUG] io.netty.util.internal.PlatformDependent - org.jctools-core.MpscChunkedArrayQueue: available
2023-07-01 19:56:34.455 [main] [DEBUG] io.netty.util.internal.InternalThreadLocalMap - -Dio.netty.threadLocalMap.stringBuilder.initialSize: 1024
2023-07-01 19:56:34.456 [main] [DEBUG] io.netty.util.internal.InternalThreadLocalMap - -Dio.netty.threadLocalMap.stringBuilder.maxSize: 4096
2023-07-01 19:56:34.461 [main] [DEBUG] io.netty.handler.ssl.JdkSslContext - Default protocols (JDK): [TLSv1.3, TLSv1.2] 
2023-07-01 19:56:34.461 [main] [DEBUG] io.netty.handler.ssl.JdkSslContext - Default cipher suites (JDK): [TLS_ECDHE_ECDSA_WITH_AES_256_GCM_SHA384, TLS_ECDHE_ECDSA_WITH_AES_128_GCM_SHA256, TLS_ECDHE_RSA_WITH_AES_128_GCM_SHA256, TLS_ECDHE_RSA_WITH_AES_256_GCM_SHA384, TLS_ECDHE_RSA_WITH_AES_128_CBC_SHA, TLS_ECDHE_RSA_WITH_AES_256_CBC_SHA, TLS_RSA_WITH_AES_128_GCM_SHA256, TLS_RSA_WITH_AES_128_CBC_SHA, TLS_RSA_WITH_AES_256_CBC_SHA, TLS_AES_128_GCM_SHA256, TLS_AES_256_GCM_SHA384]
2023-07-01 19:56:34.466 [main] [DEBUG] io.netty.util.concurrent.GlobalEventExecutor - -Dio.netty.globalEventExecutor.quietPeriodSeconds: 1
2023-07-01 19:56:34.471 [main] [DEBUG] io.netty.channel.MultithreadEventLoopGroup - -Dio.netty.eventLoopThreads: 16
2023-07-01 19:56:34.480 [main] [DEBUG] io.netty.channel.nio.NioEventLoop - -Dio.netty.noKeySetOptimization: false
2023-07-01 19:56:34.480 [main] [DEBUG] io.netty.channel.nio.NioEventLoop - -Dio.netty.selectorAutoRebuildThreshold: 512
2023-07-01 19:56:34.483 [main] [TRACE] io.netty.channel.nio.NioEventLoop - instrumented a special java.util.Set into: sun.nio.ch.KQueueSelectorImpl@7c369270
2023-07-01 19:56:34.483 [main] [TRACE] io.netty.channel.nio.NioEventLoop - instrumented a special java.util.Set into: sun.nio.ch.KQueueSelectorImpl@649f25f3
2023-07-01 19:56:34.483 [main] [TRACE] io.netty.channel.nio.NioEventLoop - instrumented a special java.util.Set into: sun.nio.ch.KQueueSelectorImpl@2e62ead7
2023-07-01 19:56:34.483 [main] [TRACE] io.netty.channel.nio.NioEventLoop - instrumented a special java.util.Set into: sun.nio.ch.KQueueSelectorImpl@3b98b809
2023-07-01 19:56:34.483 [main] [TRACE] io.netty.channel.nio.NioEventLoop - instrumented a special java.util.Set into: sun.nio.ch.KQueueSelectorImpl@bf75b5c
2023-07-01 19:56:34.483 [main] [TRACE] io.netty.channel.nio.NioEventLoop - instrumented a special java.util.Set into: sun.nio.ch.KQueueSelectorImpl@16da476c
2023-07-01 19:56:34.483 [main] [TRACE] io.netty.channel.nio.NioEventLoop - instrumented a special java.util.Set into: sun.nio.ch.KQueueSelectorImpl@2fd72332
2023-07-01 19:56:34.483 [main] [TRACE] io.netty.channel.nio.NioEventLoop - instrumented a special java.util.Set into: sun.nio.ch.KQueueSelectorImpl@51f18e31
2023-07-01 19:56:34.483 [main] [TRACE] io.netty.channel.nio.NioEventLoop - instrumented a special java.util.Set into: sun.nio.ch.KQueueSelectorImpl@60ed12e8
2023-07-01 19:56:34.483 [main] [TRACE] io.netty.channel.nio.NioEventLoop - instrumented a special java.util.Set into: sun.nio.ch.KQueueSelectorImpl@24c8d8be
2023-07-01 19:56:34.483 [main] [TRACE] io.netty.channel.nio.NioEventLoop - instrumented a special java.util.Set into: sun.nio.ch.KQueueSelectorImpl@3290b1a6
2023-07-01 19:56:34.483 [main] [TRACE] io.netty.channel.nio.NioEventLoop - instrumented a special java.util.Set into: sun.nio.ch.KQueueSelectorImpl@6fcd31c3
2023-07-01 19:56:34.483 [main] [TRACE] io.netty.channel.nio.NioEventLoop - instrumented a special java.util.Set into: sun.nio.ch.KQueueSelectorImpl@67bf0480
2023-07-01 19:56:34.483 [main] [TRACE] io.netty.channel.nio.NioEventLoop - instrumented a special java.util.Set into: sun.nio.ch.KQueueSelectorImpl@5503de1
2023-07-01 19:56:34.483 [main] [TRACE] io.netty.channel.nio.NioEventLoop - instrumented a special java.util.Set into: sun.nio.ch.KQueueSelectorImpl@32faa16c
2023-07-01 19:56:34.484 [main] [TRACE] io.netty.channel.nio.NioEventLoop - instrumented a special java.util.Set into: sun.nio.ch.KQueueSelectorImpl@343fddd9
2023-07-01 19:56:34.495 [main] [DEBUG] io.netty.buffer.PooledByteBufAllocator - -Dio.netty.allocator.numHeapArenas: 16
2023-07-01 19:56:34.496 [main] [DEBUG] io.netty.buffer.PooledByteBufAllocator - -Dio.netty.allocator.numDirectArenas: 16
2023-07-01 19:56:34.496 [main] [DEBUG] io.netty.buffer.PooledByteBufAllocator - -Dio.netty.allocator.pageSize: 8192
2023-07-01 19:56:34.496 [main] [DEBUG] io.netty.buffer.PooledByteBufAllocator - -Dio.netty.allocator.maxOrder: 9
2023-07-01 19:56:34.496 [main] [DEBUG] io.netty.buffer.PooledByteBufAllocator - -Dio.netty.allocator.chunkSize: 4194304
2023-07-01 19:56:34.496 [main] [DEBUG] io.netty.buffer.PooledByteBufAllocator - -Dio.netty.allocator.smallCacheSize: 256
2023-07-01 19:56:34.496 [main] [DEBUG] io.netty.buffer.PooledByteBufAllocator - -Dio.netty.allocator.normalCacheSize: 64
2023-07-01 19:56:34.496 [main] [DEBUG] io.netty.buffer.PooledByteBufAllocator - -Dio.netty.allocator.maxCachedBufferCapacity: 32768
2023-07-01 19:56:34.496 [main] [DEBUG] io.netty.buffer.PooledByteBufAllocator - -Dio.netty.allocator.cacheTrimInterval: 8192
2023-07-01 19:56:34.496 [main] [DEBUG] io.netty.buffer.PooledByteBufAllocator - -Dio.netty.allocator.cacheTrimIntervalMillis: 0
2023-07-01 19:56:34.496 [main] [DEBUG] io.netty.buffer.PooledByteBufAllocator - -Dio.netty.allocator.useCacheForAllThreads: false
2023-07-01 19:56:34.496 [main] [DEBUG] io.netty.buffer.PooledByteBufAllocator - -Dio.netty.allocator.maxCachedByteBuffersPerChunk: 1023
2023-07-01 19:56:34.500 [main] [DEBUG] io.netty.buffer.ByteBufUtil - -Dio.netty.allocator.type: pooled
2023-07-01 19:56:34.500 [main] [DEBUG] io.netty.buffer.ByteBufUtil - -Dio.netty.threadLocalDirectBufferSize: 0
2023-07-01 19:56:34.500 [main] [DEBUG] io.netty.buffer.ByteBufUtil - -Dio.netty.maxThreadLocalCharBufferSize: 16384
2023-07-01 19:56:34.628 [Forwarding newSession on session null to remote] [DEBUG] io.netty.channel.DefaultChannelId - -Dio.netty.processId: 3891 (auto-detected)
2023-07-01 19:56:34.629 [Forwarding newSession on session null to remote] [DEBUG] io.netty.util.NetUtil - -Djava.net.preferIPv4Stack: false
2023-07-01 19:56:34.629 [Forwarding newSession on session null to remote] [DEBUG] io.netty.util.NetUtil - -Djava.net.preferIPv6Addresses: false
2023-07-01 19:56:34.631 [Forwarding newSession on session null to remote] [DEBUG] io.netty.util.NetUtilInitializations - Loopback interface: lo0 (lo0, 0:0:0:0:0:0:0:1%lo0)
2023-07-01 19:56:34.631 [Forwarding newSession on session null to remote] [DEBUG] io.netty.util.NetUtil - Failed to get SOMAXCONN from sysctl and file /proc/sys/net/core/somaxconn. Default: 128
2023-07-01 19:56:34.632 [Forwarding newSession on session null to remote] [DEBUG] io.netty.channel.DefaultChannelId - -Dio.netty.machineId: b0:be:83:ff:fe:36:95:b5 (auto-detected)
2023-07-01 19:56:34.651 [AsyncHttpClient-1-2] [DEBUG] io.netty.buffer.AbstractByteBuf - -Dio.netty.buffer.checkAccessible: true
2023-07-01 19:56:34.651 [AsyncHttpClient-1-2] [DEBUG] io.netty.buffer.AbstractByteBuf - -Dio.netty.buffer.checkBounds: true
2023-07-01 19:56:34.651 [AsyncHttpClient-1-2] [DEBUG] io.netty.util.ResourceLeakDetectorFactory - Loaded default ResourceLeakDetector: io.netty.util.ResourceLeakDetector@439c9206
2023-07-01 19:56:34.660 [AsyncHttpClient-1-2] [DEBUG] io.netty.util.Recycler - -Dio.netty.recycler.maxCapacityPerThread: 4096
2023-07-01 19:56:34.660 [AsyncHttpClient-1-2] [DEBUG] io.netty.util.Recycler - -Dio.netty.recycler.ratio: 8
2023-07-01 19:56:34.660 [AsyncHttpClient-1-2] [DEBUG] io.netty.util.Recycler - -Dio.netty.recycler.chunkSize: 32
2023-07-01 19:56:34.660 [AsyncHttpClient-1-2] [DEBUG] io.netty.util.Recycler - -Dio.netty.recycler.blocking: false
2023-07-01 19:56:34.660 [AsyncHttpClient-1-2] [DEBUG] io.netty.util.Recycler - -Dio.netty.recycler.batchFastThreadLocalOnly: true
2023-07-01 19:56:35.506 [AsyncHttpClient-1-2] [DEBUG] io.netty.handler.codec.compression.Brotli - brotli4j not in the classpath; Brotli support will be unavailable.
2023-07-01 19:56:35.571 [main] [DEBUG] io.netty.util.internal.ThreadLocalRandom - -Dio.netty.initialSeedUniquifier: 0x465b49b032d838d6
2023-07-01 19:56:35.610 [main] [DEBUG] org.qa.appengine.ApplicationSetup - Chrome browser launch sucessfully
2023-07-01 19:56:35.628 [main] [DEBUG] org.qa.appengine.ApplicationSetup - ThreadID in case of Parallel execution : 1
2023-07-01 19:56:35.653 [main] [INFO ] org.qa.utils.ExtentReportListener - -------------------------------------------------------------------------------
2023-07-01 19:56:35.664 [main] [INFO ] org.qa.utils.ExtentReportListener - Test started: LoginTC
2023-07-01 19:56:36.078 [main] [DEBUG] org.qa.utils.CommonMethods - Launching url: https://opensource-demo.orangehrmlive.com/web/index.php/auth/login
2023-07-01 19:56:46.374 [main] [DEBUG] org.qa.utils.CommonMethods - Object is Visible/Enabled: By.name: username
2023-07-01 19:56:46.463 [main] [DEBUG] org.qa.utils.CommonMethods - Setting text <Admin> in field with locator: By.name: username
2023-07-01 19:56:46.486 [main] [DEBUG] org.qa.utils.CommonMethods - Object is Visible/Enabled: By.name: password
2023-07-01 19:56:46.530 [main] [DEBUG] org.qa.utils.CommonMethods - Setting text <admin123> in field with locator: By.name: password
2023-07-01 19:56:46.556 [main] [DEBUG] org.qa.utils.CommonMethods - Object is Visible/Enabled: [unknown locator]
2023-07-01 19:56:46.561 [main] [DEBUG] org.qa.utils.CommonMethods - Clicking on element with locator: [unknown locator]
2023-07-01 19:56:50.631 [main] [DEBUG] org.qa.utils.CommonMethods - Object is Visible/Enabled: By.xpath: //*[@class='oxd-layout-navigation']/aside
2023-07-01 19:56:50.649 [AsyncHttpClient-1-4] [TRACE] io.netty.handler.codec.http.websocketx.WebSocket08FrameEncoder - Encoding WebSocket Frame opCode=8 length=26
2023-07-01 19:56:50.759 [main] [DEBUG] org.qa.appengine.ApplicationSetup - Application Closed sucessfully
2023-07-01 19:56:50.762 [main] [ERROR] org.qa.appengine.ApplicationSetup - IOException in <tearDown> Cannot run program "taskkill": error=2, No such file or directory
2023-07-01 19:56:50.768 [main] [DEBUG] org.qa.utils.ExtentReportListener - Generating final Test Report.....
